[debug] [2024-02-14T10:31:03.028Z] ----------------------------------------------------------------------
[debug] [2024-02-14T10:31:03.040Z] Command:       C:\Program Files\nodejs\node.exe C:\Users\giorgio.cerutti\AppData\Roaming\npm\node_modules\firebase-tools\lib\bin\firebase.js deploy
[debug] [2024-02-14T10:31:03.041Z] CLI Version:   13.2.1
[debug] [2024-02-14T10:31:03.041Z] Platform:      win32
[debug] [2024-02-14T10:31:03.042Z] Node Version:  v18.18.0
[debug] [2024-02-14T10:31:03.043Z] Time:          Wed Feb 14 2024 11:31:03 GMT+0100 (Ora standard dell’Europa centrale)
[debug] [2024-02-14T10:31:03.043Z] ----------------------------------------------------------------------
[debug] 
[debug] [2024-02-14T10:31:03.306Z] > command requires scopes: ["email","openid","https://www.googleapis.com/auth/cloudplatformprojects.readonly","https://www.googleapis.com/auth/firebase","https://www.googleapis.com/auth/cloud-platform"]
[debug] [2024-02-14T10:31:03.307Z] > authorizing via signed-in user (giorgio.cerutti@dune.it)
[debug] [2024-02-14T10:31:03.307Z] [iam] checking project parkingapp-b5918 for permissions ["firebase.projects.get","firebasehosting.sites.update"]
[debug] [2024-02-14T10:31:03.309Z] > refreshing access token with scopes: []
[debug] [2024-02-14T10:31:03.311Z] >>> [apiv2][query] POST https://www.googleapis.com/oauth2/v3/token [none]
[debug] [2024-02-14T10:31:03.311Z] >>> [apiv2][body] POST https://www.googleapis.com/oauth2/v3/token [omitted]
[debug] [2024-02-14T10:31:03.680Z] <<< [apiv2][status] POST https://www.googleapis.com/oauth2/v3/token 200
[debug] [2024-02-14T10:31:03.680Z] <<< [apiv2][body] POST https://www.googleapis.com/oauth2/v3/token [omitted]
[debug] [2024-02-14T10:31:03.720Z] >>> [apiv2][query] POST https://cloudresourcemanager.googleapis.com/v1/projects/parkingapp-b5918:testIamPermissions [none]
[debug] [2024-02-14T10:31:03.720Z] >>> [apiv2][(partial)header] POST https://cloudresourcemanager.googleapis.com/v1/projects/parkingapp-b5918:testIamPermissions x-goog-quota-user=projects/parkingapp-b5918
[debug] [2024-02-14T10:31:03.721Z] >>> [apiv2][body] POST https://cloudresourcemanager.googleapis.com/v1/projects/parkingapp-b5918:testIamPermissions {"permissions":["firebase.projects.get","firebasehosting.sites.update"]}
[debug] [2024-02-14T10:31:04.592Z] <<< [apiv2][status] POST https://cloudresourcemanager.googleapis.com/v1/projects/parkingapp-b5918:testIamPermissions 200
[debug] [2024-02-14T10:31:04.592Z] <<< [apiv2][body] POST https://cloudresourcemanager.googleapis.com/v1/projects/parkingapp-b5918:testIamPermissions {}
[debug] [2024-02-14T10:31:04.592Z] [iam] error while checking permissions, command may fail: FirebaseError: Authorization failed. This account is missing the following required permissions on project parkingapp-b5918:

  firebase.projects.get
  firebasehosting.sites.update
[debug] [2024-02-14T10:31:04.593Z] >>> [apiv2][query] GET https://firebase.googleapis.com/v1beta1/projects/parkingapp-b5918 [none]
[debug] [2024-02-14T10:31:04.940Z] <<< [apiv2][status] GET https://firebase.googleapis.com/v1beta1/projects/parkingapp-b5918 403
[debug] [2024-02-14T10:31:04.940Z] <<< [apiv2][body] GET https://firebase.googleapis.com/v1beta1/projects/parkingapp-b5918 {"error":{"code":403,"message":"The caller does not have permission","status":"PERMISSION_DENIED"}}
[debug] [2024-02-14T10:31:04.942Z] HTTP Error: 403, The caller does not have permission
[debug] [2024-02-14T10:31:04.947Z] >>> [apiv2][query] GET https://firebase.googleapis.com/v1beta1/projects/parkingapp-b5918 [none]
[debug] [2024-02-14T10:31:05.197Z] <<< [apiv2][status] GET https://firebase.googleapis.com/v1beta1/projects/parkingapp-b5918 403
[debug] [2024-02-14T10:31:05.197Z] <<< [apiv2][body] GET https://firebase.googleapis.com/v1beta1/projects/parkingapp-b5918 {"error":{"code":403,"message":"The caller does not have permission","status":"PERMISSION_DENIED"}}
[debug] [2024-02-14T10:31:05.198Z] HTTP Error: 403, The caller does not have permission
[info] 
   Thank you for trying our early preview of Angular support on Firebase Hosting.
   During the preview, support is best-effort and breaking changes can be expected. Proceed with caution.
   The integration is known to work with Angular version 14 - 17. You may encounter errors.

   Documentation: https://firebase.google.com/docs/hosting/frameworks/angular
   File a bug: https://github.com/firebase/firebase-tools/issues/new?template=bug_report.md
   Submit a feature request: https://github.com/firebase/firebase-tools/issues/new?template=feature_request.md

   We'd love to learn from you. Express your interest in helping us shape the future of Firebase Hosting: https://goo.gle/41enW5X

[debug] [2024-02-14T10:31:08.883Z] Error: Cannot find module '@angular-devkit/core/node'
Require stack:
- C:\Users\giorgio.cerutti\AppData\Roaming\npm\node_modules\firebase-tools\lib\frameworks\utils.js
- C:\Users\giorgio.cerutti\AppData\Roaming\npm\node_modules\firebase-tools\lib\frameworks\index.js
- C:\Users\giorgio.cerutti\AppData\Roaming\npm\node_modules\firebase-tools\lib\emulator\controller.js
- C:\Users\giorgio.cerutti\AppData\Roaming\npm\node_modules\firebase-tools\lib\emulator\commandUtils.js
- C:\Users\giorgio.cerutti\AppData\Roaming\npm\node_modules\firebase-tools\lib\commands\database-get.js
- C:\Users\giorgio.cerutti\AppData\Roaming\npm\node_modules\firebase-tools\lib\commands\index.js
- C:\Users\giorgio.cerutti\AppData\Roaming\npm\node_modules\firebase-tools\lib\index.js
- C:\Users\giorgio.cerutti\AppData\Roaming\npm\node_modules\firebase-tools\lib\bin\firebase.js
    at Module._resolveFilename (node:internal/modules/cjs/loader:1077:15)
    at Function.resolve (node:internal/modules/cjs/helpers:125:19)
    at relativeRequire (C:\Users\giorgio.cerutti\AppData\Roaming\npm\node_modules\firebase-tools\lib\frameworks\utils.js:195:34)
    at getAllTargets (C:\Users\giorgio.cerutti\AppData\Roaming\npm\node_modules\firebase-tools\lib\frameworks\angular\utils.js:76:37)
    at getValidBuildTargets (C:\Users\giorgio.cerutti\AppData\Roaming\npm\node_modules\firebase-tools\lib\frameworks\angular\index.js:117:56)
    at async prepareFrameworks (C:\Users\giorgio.cerutti\AppData\Roaming\npm\node_modules\firebase-tools\lib\frameworks\index.js:196:35)
    at async deploy (C:\Users\giorgio.cerutti\AppData\Roaming\npm\node_modules\firebase-tools\lib\deploy\index.js:55:13)
[error] 
[error] Error: An unexpected error has occurred.
